<?xml version="1.0" encoding="UTF-8"?>
<!-- Generated by org.testng.reporters.JUnitXMLReporter -->
<testsuite hostname="macbook-pro-de-evgeny-predein.local" name="Command line test" tests="41" failures="3" timestamp="5 Jul 2013 15:41:55 GMT" time="35.95" errors="0">
  <testcase name="testRun" time="0.0010" classname="com.apiumtech.spider.agent.AgentPaginasAmarillasEnterpriseEsTest"/>
  <testcase name="test_parseURL_paginasamarillasUrl_" time="3.04" classname="com.apiumtech.spider.agent.AgentPaginasAmarillasEnterpriseEsTest">
    <failure type="junit.framework.AssertionFailedError" message="expected:&amp;lt;12&amp;gt; but was:&amp;lt;0&amp;gt;">
      <![CDATA[junit.framework.AssertionFailedError: expected:<12> but was:<0>
	at junit.framework.Assert.fail(Assert.java:50)
	at junit.framework.Assert.failNotEquals(Assert.java:287)
	at junit.framework.Assert.assertEquals(Assert.java:67)
	at junit.framework.Assert.assertEquals(Assert.java:199)
	at junit.framework.Assert.assertEquals(Assert.java:205)
	at com.apiumtech.spider.agent.AgentPaginasAmarillasEnterpriseEsTest.test_parseURL_paginasamarillasUrl_(AgentPaginasAmarillasEnterpriseEsTest.java:42)
	at org.apache.maven.surefire.testng.TestNGExecutor.run(TestNGExecutor.java:60)
	at org.apache.maven.surefire.testng.TestNGDirectoryTestSuite.executeMulti(TestNGDirectoryTestSuite.java:153)
	at org.apache.maven.surefire.testng.TestNGDirectoryTestSuite.execute(TestNGDirectoryTestSuite.java:99)
	at org.apache.maven.surefire.testng.TestNGProvider.invoke(TestNGProvider.java:111)
	at org.apache.maven.surefire.booter.ProviderFactory$ClassLoaderProxy.invoke(ProviderFactory.java:103)
	at com.sun.proxy.$Proxy0.invoke(Unknown Source)
	at org.apache.maven.surefire.booter.SurefireStarter.invokeProvider(SurefireStarter.java:150)
	at org.apache.maven.surefire.booter.SurefireStarter.runSuitesInProcess(SurefireStarter.java:91)
	at org.apache.maven.surefire.booter.ForkedBooter.main(ForkedBooter.java:69)
... Removed 25 stack frames]]>
    </failure>
  </testcase> <!-- test_parseURL_paginasamarillasUrl_ -->
  <testcase name="test_Name" time="0.0" classname="com.apiumtech.spider.si.AgentSiRSS_Test"/>
  <testcase name="test_getRequest_" time="0.056" classname="com.apiumtech.spider.si.AgentSiRSS_Test"/>
  <testcase name="test_start_feedRootPage" time="0.061" classname="com.apiumtech.spider.si.AgentSiRSS_Test"/>
  <testcase name="testRun" time="0.0" classname="com.apiumtech.spider.agent.AgentsManagerTest"/>
  <testcase name="testStopAgentsManager" time="0.0" classname="com.apiumtech.spider.agent.AgentsManagerTest"/>
  <testcase name="testGetProxy" time="0.0" classname="com.apiumtech.spider.HttpDownloaderTest"/>
  <testcase name="testGetRequest" time="0.785" classname="com.apiumtech.spider.HttpDownloaderTest"/>
  <testcase name="testGetRequestBinary" time="0.0" classname="com.apiumtech.spider.HttpDownloaderTest"/>
  <testcase name="testIsInCache" time="0.0" classname="com.apiumtech.spider.HttpDownloaderTest"/>
  <testcase name="testPostRequest" time="0.0" classname="com.apiumtech.spider.HttpDownloaderTest"/>
  <testcase name="testSetProxy" time="0.0" classname="com.apiumtech.spider.HttpDownloaderTest"/>
  <testcase name="test_getCacheFileName_url_parsedUrlWritebleToFile" time="0.0010" classname="com.apiumtech.spider.HttpDownloaderTest"/>
  <testcase name="testGetTitleFromPAHtml" time="0.0010" classname="com.apiumtech.spider.parser.PaginasAmarillasFichaParserTest"/>
  <testcase name="testParseTxtToHTml" time="0.0010" classname="com.apiumtech.spider.parser.PaginasAmarillasFichaParserTest"/>
  <testcase name="test_getAddressFromPAHtml" time="0.0010" classname="com.apiumtech.spider.parser.PaginasAmarillasFichaParserTest"/>
  <testcase name="test_getEnterpriseDataFromPAHtml" time="0.0050" classname="com.apiumtech.spider.parser.PaginasAmarillasFichaParserTest"/>
  <testcase name="test_getEnterpriseIdPAHtml" time="0.0" classname="com.apiumtech.spider.parser.PaginasAmarillasFichaParserTest"/>
  <testcase name="test_getLocalityFromPAHtml" time="0.0" classname="com.apiumtech.spider.parser.PaginasAmarillasFichaParserTest"/>
  <testcase name="test_getParamsFromPAHtml" time="0.0010" classname="com.apiumtech.spider.parser.PaginasAmarillasFichaParserTest"/>
  <testcase name="test_getPhoneDataFromPAHtml" time="0.0010" classname="com.apiumtech.spider.parser.PaginasAmarillasFichaParserTest"/>
  <testcase name="test_getPostalCodeFromPAHtml" time="0.0" classname="com.apiumtech.spider.parser.PaginasAmarillasFichaParserTest"/>
  <testcase name="test_getRegionFromPAHtml" time="0.0" classname="com.apiumtech.spider.parser.PaginasAmarillasFichaParserTest"/>
  <testcase name="testParseTxtToHTml" time="0.0" classname="com.apiumtech.spider.parser.SeccionAmarillaMeFichaParserTest"/>
  <testcase name="test_getAddressFromPAHtml" time="0.0" classname="com.apiumtech.spider.parser.SeccionAmarillaMeFichaParserTest"/>
  <testcase name="test_getCategoriaFromPAHtml" time="0.0" classname="com.apiumtech.spider.parser.SeccionAmarillaMeFichaParserTest"/>
  <testcase name="test_getLocalityFromPAHtml" time="0.0" classname="com.apiumtech.spider.parser.SeccionAmarillaMeFichaParserTest"/>
  <testcase name="test_getPhoneFromPAHtml" time="0.0" classname="com.apiumtech.spider.parser.SeccionAmarillaMeFichaParserTest"/>
  <testcase name="test_getPostalCodeFromPAHtml" time="0.0010" classname="com.apiumtech.spider.parser.SeccionAmarillaMeFichaParserTest"/>
  <testcase name="test_getTitleFromPAHtml" time="0.0" classname="com.apiumtech.spider.parser.SeccionAmarillaMeFichaParserTest"/>
  <testcase name="test_createCSVfromGettedFolder" time="0.0010" classname="com.apiumtech.spider.util.SpiderGettedFileTest">
    <failure type="java.lang.NullPointerException">
      <![CDATA[java.lang.NullPointerException
	at com.apiumtech.spider.util.SpiderGettedFile.getDataFromGettedFolder(SpiderGettedFile.java:67)
	at com.apiumtech.spider.util.SpiderGettedFile.createCSVfromGettedFolder(SpiderGettedFile.java:90)
	at com.apiumtech.spider.util.SpiderGettedFileTest.test_createCSVfromGettedFolder(SpiderGettedFileTest.java:71)
	at org.apache.maven.surefire.testng.TestNGExecutor.run(TestNGExecutor.java:60)
	at org.apache.maven.surefire.testng.TestNGDirectoryTestSuite.executeMulti(TestNGDirectoryTestSuite.java:153)
	at org.apache.maven.surefire.testng.TestNGDirectoryTestSuite.execute(TestNGDirectoryTestSuite.java:99)
	at org.apache.maven.surefire.testng.TestNGProvider.invoke(TestNGProvider.java:111)
	at org.apache.maven.surefire.booter.ProviderFactory$ClassLoaderProxy.invoke(ProviderFactory.java:103)
	at com.sun.proxy.$Proxy0.invoke(Unknown Source)
	at org.apache.maven.surefire.booter.SurefireStarter.invokeProvider(SurefireStarter.java:150)
	at org.apache.maven.surefire.booter.SurefireStarter.runSuitesInProcess(SurefireStarter.java:91)
	at org.apache.maven.surefire.booter.ForkedBooter.main(ForkedBooter.java:69)
... Removed 25 stack frames]]>
    </failure>
  </testcase> <!-- test_createCSVfromGettedFolder -->
  <testcase name="test_getDataFromGettedFolder" time="0.0" classname="com.apiumtech.spider.util.SpiderGettedFileTest">
    <failure type="java.lang.NullPointerException">
      <![CDATA[java.lang.NullPointerException
	at com.apiumtech.spider.util.SpiderGettedFile.getDataFromGettedFolder(SpiderGettedFile.java:67)
	at com.apiumtech.spider.util.SpiderGettedFileTest.test_getDataFromGettedFolder(SpiderGettedFileTest.java:64)
	at org.apache.maven.surefire.testng.TestNGExecutor.run(TestNGExecutor.java:60)
	at org.apache.maven.surefire.testng.TestNGDirectoryTestSuite.executeMulti(TestNGDirectoryTestSuite.java:153)
	at org.apache.maven.surefire.testng.TestNGDirectoryTestSuite.execute(TestNGDirectoryTestSuite.java:99)
	at org.apache.maven.surefire.testng.TestNGProvider.invoke(TestNGProvider.java:111)
	at org.apache.maven.surefire.booter.ProviderFactory$ClassLoaderProxy.invoke(ProviderFactory.java:103)
	at com.sun.proxy.$Proxy0.invoke(Unknown Source)
	at org.apache.maven.surefire.booter.SurefireStarter.invokeProvider(SurefireStarter.java:150)
	at org.apache.maven.surefire.booter.SurefireStarter.runSuitesInProcess(SurefireStarter.java:91)
	at org.apache.maven.surefire.booter.ForkedBooter.main(ForkedBooter.java:69)
... Removed 25 stack frames]]>
    </failure>
  </testcase> <!-- test_getDataFromGettedFolder -->
  <testcase name="test_parseFaxNumber_" time="0.0010" classname="com.apiumtech.spider.util.SpiderGettedFileTest"/>
  <testcase name="test_parseFaxNumber_" time="0.0" classname="com.apiumtech.spider.util.SpiderGettedFileTest"/>
  <testcase name="test_parseFaxNumber_" time="0.0" classname="com.apiumtech.spider.util.SpiderGettedFileTest"/>
  <testcase name="test_parseFaxNumber_" time="0.0" classname="com.apiumtech.spider.util.SpiderGettedFileTest"/>
  <testcase name="test_parseFaxNumber_" time="0.0010" classname="com.apiumtech.spider.util.SpiderGettedFileTest"/>
  <testcase name="test_parseFaxNumber_" time="0.0010" classname="com.apiumtech.spider.util.SpiderGettedFileTest"/>
  <testcase name="test_do" time="8.08" classname="com.apiumtech.spider.SpiderGutenbergTest"/>
  <testcase name="test_getNewsFromRSSserver_foxRSS_searchRSSfeeds" time="10.367" classname="com.apiumtech.spider.si.SpiderSiRSS_Test"/>
</testsuite> <!-- Command line test -->
